<?xml version="1.0" encoding="UTF-8"?>
<testng-results skipped="0" failed="0" ignored="0" total="1" passed="1">
  <reporter-output>
  </reporter-output>
  <suite name="Suite" duration-ms="115004" started-at="2020-03-31T19:52:58 IST" finished-at="2020-03-31T19:54:53 IST">
    <groups>
    </groups>
    <test name="Test" duration-ms="115004" started-at="2020-03-31T19:52:58 IST" finished-at="2020-03-31T19:54:53 IST">
      <class name="com.atmecs.swaglabs.testscript.TestSript">
        <test-method status="PASS" signature="invokeBrowser()[pri:0, instance:com.atmecs.swaglabs.testscript.TestSript@4bbfb90a]" name="invokeBrowser" is-config="true" duration-ms="75498" started-at="2020-03-31T19:52:58 IST" finished-at="2020-03-31T19:54:13 IST">
          <reporter-output>
          </reporter-output>
        </test-method> <!-- invokeBrowser -->
        <test-method status="PASS" signature="login()[pri:0, instance:com.atmecs.swaglabs.testscript.TestSript@4bbfb90a]" name="login" duration-ms="38927" started-at="2020-03-31T19:54:13 IST" finished-at="2020-03-31T19:54:52 IST">
          <reporter-output>
          </reporter-output>
        </test-method> <!-- login -->
      </class> <!-- com.atmecs.swaglabs.testscript.TestSript -->
    </test> <!-- Test -->
  </suite> <!-- Suite -->
</testng-results>
